# JRE version: OpenJDK Runtime Environment (11.0.12+7) (build 11.0.12+7-b1504.28-7817840)
# Java VM: OpenJDK 64-Bit Server VM (11.0.12+7-b1504.28-7817840, mixed mode, tiered, compressed oops, g1 gc, windows-amd64)
Heap:
 garbage-first heap   total 231424K, used 90403K [0x00000000c3000000, 0x0000000100000000)
  region size 1024K, 14 young (14336K), 4 survivors (4096K)
 Metaspace       used 88123K, capacity 89037K, committed 89088K, reserved 1128448K
  class space    used 9309K, capacity 9691K, committed 9728K, reserved 1048576K
GC Heap History (20 events):
Event: 55.392 GC heap before
{Heap before GC invocations=42 (full 0):
 garbage-first heap   total 96256K, used 80820K [0x00000000c3000000, 0x0000000100000000)
  region size 1024K, 4 young (4096K), 1 survivors (1024K)
 Metaspace       used 81392K, capacity 82319K, committed 82432K, reserved 1122304K
  class space    used 8823K, capacity 9202K, committed 9216K, reserved 1048576K
}
Event: 55.400 GC heap after
{Heap after GC invocations=43 (full 0):
 garbage-first heap   total 96256K, used 77947K [0x00000000c3000000, 0x0000000100000000)
  region size 1024K, 1 young (1024K), 1 survivors (1024K)
 Metaspace       used 81392K, capacity 82319K, committed 82432K, reserved 1122304K
  class space    used 8823K, capacity 9202K, committed 9216K, reserved 1048576K
}
Event: 55.691 GC heap before
{Heap before GC invocations=44 (full 0):
 garbage-first heap   total 96256K, used 81019K [0x00000000c3000000, 0x0000000100000000)
  region size 1024K, 4 young (4096K), 1 survivors (1024K)
 Metaspace       used 81607K, capacity 82511K, committed 82688K, reserved 1122304K
  class space    used 8823K, capacity 9202K, committed 9216K, reserved 1048576K
}
Event: 55.698 GC heap after
{Heap after GC invocations=45 (full 0):
 garbage-first heap   total 96256K, used 78213K [0x00000000c3000000, 0x0000000100000000)
  region size 1024K, 1 young (1024K), 1 survivors (1024K)
 Metaspace       used 81607K, capacity 82511K, committed 82688K, reserved 1122304K
  class space    used 8823K, capacity 9202K, committed 9216K, reserved 1048576K
}
Event: 55.980 GC heap before
{Heap before GC invocations=45 (full 0):
 garbage-first heap   total 96256K, used 80261K [0x00000000c3000000, 0x0000000100000000)
  region size 1024K, 4 young (4096K), 1 survivors (1024K)
 Metaspace       used 82010K, capacity 82936K, committed 83072K, reserved 1122304K
  class space    used 8856K, capacity 9237K, committed 9344K, reserved 1048576K
}
Event: 55.988 GC heap after
{Heap after GC invocations=46 (full 0):
 garbage-first heap   total 96256K, used 78037K [0x00000000c3000000, 0x0000000100000000)
  region size 1024K, 1 young (1024K), 1 survivors (1024K)
 Metaspace       used 82010K, capacity 82936K, committed 83072K, reserved 1122304K
  class space    used 8856K, capacity 9237K, committed 9344K, reserved 1048576K
}
Event: 56.139 GC heap before
{Heap before GC invocations=46 (full 0):
 garbage-first heap   total 96256K, used 82133K [0x00000000c3000000, 0x0000000100000000)
  region size 1024K, 5 young (5120K), 1 survivors (1024K)
 Metaspace       used 82325K, capacity 83224K, committed 83328K, reserved 1124352K
  class space    used 8893K, capacity 9269K, committed 9344K, reserved 1048576K
}
Event: 56.145 GC heap after
{Heap after GC invocations=47 (full 0):
 garbage-first heap   total 96256K, used 78252K [0x00000000c3000000, 0x0000000100000000)
  region size 1024K, 1 young (1024K), 1 survivors (1024K)
 Metaspace       used 82325K, capacity 83224K, committed 83328K, reserved 1124352K
  class space    used 8893K, capacity 9269K, committed 9344K, reserved 1048576K
}
Event: 56.602 GC heap before
{Heap before GC invocations=48 (full 0):
 garbage-first heap   total 96256K, used 82348K [0x00000000c3000000, 0x0000000100000000)
  region size 1024K, 5 young (5120K), 1 survivors (1024K)
 Metaspace       used 82392K, capacity 83288K, committed 83584K, reserved 1124352K
  class space    used 8893K, capacity 9269K, committed 9344K, reserved 1048576K
}
Event: 56.708 GC heap after
{Heap after GC invocations=49 (full 0):
 garbage-first heap   total 115712K, used 78373K [0x00000000c3000000, 0x0000000100000000)
  region size 1024K, 1 young (1024K), 1 survivors (1024K)
 Metaspace       used 82392K, capacity 83288K, committed 83584K, reserved 1124352K
  class space    used 8893K, capacity 9269K, committed 9344K, reserved 1048576K
}
Event: 57.233 GC heap before
{Heap before GC invocations=49 (full 0):
 garbage-first heap   total 115712K, used 82469K [0x00000000c3000000, 0x0000000100000000)
  region size 1024K, 5 young (5120K), 1 survivors (1024K)
 Metaspace       used 82533K, capacity 83417K, committed 83584K, reserved 1124352K
  class space    used 8893K, capacity 9269K, committed 9344K, reserved 1048576K
}
Event: 57.246 GC heap after
{Heap after GC invocations=50 (full 0):
 garbage-first heap   total 115712K, used 78426K [0x00000000c3000000, 0x0000000100000000)
  region size 1024K, 1 young (1024K), 1 survivors (1024K)
 Metaspace       used 82533K, capacity 83417K, committed 83584K, reserved 1124352K
  class space    used 8893K, capacity 9269K, committed 9344K, reserved 1048576K
}
Event: 58.326 GC heap before
{Heap before GC invocations=50 (full 0):
 garbage-first heap   total 115712K, used 89690K [0x00000000c3000000, 0x0000000100000000)
  region size 1024K, 12 young (12288K), 1 survivors (1024K)
 Metaspace       used 82709K, capacity 83609K, committed 83840K, reserved 1124352K
  class space    used 8893K, capacity 9269K, committed 9344K, reserved 1048576K
}
Event: 58.335 GC heap after
{Heap after GC invocations=51 (full 0):
 garbage-first heap   total 115712K, used 78617K [0x00000000c3000000, 0x0000000100000000)
  region size 1024K, 1 young (1024K), 1 survivors (1024K)
 Metaspace       used 82709K, capacity 83609K, committed 83840K, reserved 1124352K
  class space    used 8893K, capacity 9269K, committed 9344K, reserved 1048576K
}
Event: 58.695 GC heap before
{Heap before GC invocations=51 (full 0):
 garbage-first heap   total 115712K, used 90905K [0x00000000c3000000, 0x0000000100000000)
  region size 1024K, 13 young (13312K), 1 survivors (1024K)
 Metaspace       used 82865K, capacity 83737K, committed 83840K, reserved 1124352K
  class space    used 8899K, capacity 9269K, committed 9344K, reserved 1048576K
}
Event: 58.706 GC heap after
{Heap after GC invocations=52 (full 0):
 garbage-first heap   total 115712K, used 78785K [0x00000000c3000000, 0x0000000100000000)
  region size 1024K, 1 young (1024K), 1 survivors (1024K)
 Metaspace       used 82865K, capacity 83737K, committed 83840K, reserved 1124352K
  class space    used 8899K, capacity 9269K, committed 9344K, reserved 1048576K
}
Event: 59.061 GC heap before
{Heap before GC invocations=52 (full 0):
 garbage-first heap   total 115712K, used 92097K [0x00000000c3000000, 0x0000000100000000)
  region size 1024K, 14 young (14336K), 1 survivors (1024K)
 Metaspace       used 82913K, capacity 83801K, committed 84096K, reserved 1124352K
  class space    used 8903K, capacity 9269K, committed 9344K, reserved 1048576K
}
Event: 59.079 GC heap after
{Heap after GC invocations=53 (full 0):
 garbage-first heap   total 231424K, used 79320K [0x00000000c3000000, 0x0000000100000000)
  region size 1024K, 2 young (2048K), 2 survivors (2048K)
 Metaspace       used 82913K, capacity 83801K, committed 84096K, reserved 1124352K
  class space    used 8903K, capacity 9269K, committed 9344K, reserved 1048576K
}
Event: 61.406 GC heap before
{Heap before GC invocations=53 (full 0):
 garbage-first heap   total 231424K, used 122328K [0x00000000c3000000, 0x0000000100000000)
  region size 1024K, 44 young (45056K), 2 survivors (2048K)
 Metaspace       used 87612K, capacity 88493K, committed 88576K, reserved 1128448K
  class space    used 9287K, capacity 9659K, committed 9728K, reserved 1048576K
}
Event: 61.432 GC heap after
{Heap after GC invocations=54 (full 0):
 garbage-first heap   total 231424K, used 81187K [0x00000000c3000000, 0x0000000100000000)
  region size 1024K, 4 young (4096K), 4 survivors (4096K)
 Metaspace       used 87612K, capacity 88493K, committed 88576K, reserved 1128448K
  class space    used 9287K, capacity 9659K, committed 9728K, reserved 1048576K
}

